CRITICAL - 2025-03-10 15:41:40 --> ErrorException: Undefined variable $np1
[Method: GET, Route: data]
in APPPATH\Views\dataproduk.php on line 220.
 1 APPPATH\Views\dataproduk.php(220): CodeIgniter\Debug\Exceptions->errorHandler(2, 'Undefined variable $np1', 'C:\\xampp1\\htdocs\\ci4\\app\\Views\\dataproduk.php', 220)
 2 SYSTEMPATH\View\View.php(224): include('C:\\xampp1\\htdocs\\ci4\\app\\Views\\dataproduk.php')
 3 SYSTEMPATH\View\View.php(227): CodeIgniter\View\View->CodeIgniter\View\{closure}()
 4 SYSTEMPATH\Common.php(1173): CodeIgniter\View\View->render('dataproduk', [], true)
 5 APPPATH\Controllers\Home3.php(36): view('dataproduk')
 6 SYSTEMPATH\CodeIgniter.php(933): App\Controllers\Home3->dataproduk()
 7 SYSTEMPATH\CodeIgniter.php(507): CodeIgniter\CodeIgniter->runController(Object(App\Controllers\Home3))
 8 SYSTEMPATH\CodeIgniter.php(354): CodeIgniter\CodeIgniter->handleRequest(null, Object(Config\Cache), false)
 9 SYSTEMPATH\Boot.php(334): CodeIgniter\CodeIgniter->run()
10 SYSTEMPATH\Boot.php(67): CodeIgniter\Boot::runCodeIgniter(Object(CodeIgniter\CodeIgniter))
11 FCPATH\index.php(56): CodeIgniter\Boot::bootWeb(Object(Config\Paths))
CRITICAL - 2025-03-10 15:42:09 --> ErrorException: Undefined variable $np1
[Method: GET, Route: data]
in APPPATH\Views\dataproduk.php on line 220.
 1 APPPATH\Views\dataproduk.php(220): CodeIgniter\Debug\Exceptions->errorHandler(2, 'Undefined variable $np1', 'C:\\xampp1\\htdocs\\ci4\\app\\Views\\dataproduk.php', 220)
 2 SYSTEMPATH\View\View.php(224): include('C:\\xampp1\\htdocs\\ci4\\app\\Views\\dataproduk.php')
 3 SYSTEMPATH\View\View.php(227): CodeIgniter\View\View->CodeIgniter\View\{closure}()
 4 SYSTEMPATH\Common.php(1173): CodeIgniter\View\View->render('dataproduk', [], true)
 5 APPPATH\Controllers\Home3.php(36): view('dataproduk')
 6 SYSTEMPATH\CodeIgniter.php(933): App\Controllers\Home3->dataproduk()
 7 SYSTEMPATH\CodeIgniter.php(507): CodeIgniter\CodeIgniter->runController(Object(App\Controllers\Home3))
 8 SYSTEMPATH\CodeIgniter.php(354): CodeIgniter\CodeIgniter->handleRequest(null, Object(Config\Cache), false)
 9 SYSTEMPATH\Boot.php(334): CodeIgniter\CodeIgniter->run()
10 SYSTEMPATH\Boot.php(67): CodeIgniter\Boot::runCodeIgniter(Object(CodeIgniter\CodeIgniter))
11 FCPATH\index.php(56): CodeIgniter\Boot::bootWeb(Object(Config\Paths))
CRITICAL - 2025-03-10 15:42:41 --> ErrorException: Undefined variable $np1
[Method: GET, Route: data]
in APPPATH\Views\dataproduk.php on line 220.
 1 APPPATH\Views\dataproduk.php(220): CodeIgniter\Debug\Exceptions->errorHandler(2, 'Undefined variable $np1', 'C:\\xampp1\\htdocs\\ci4\\app\\Views\\dataproduk.php', 220)
 2 SYSTEMPATH\View\View.php(224): include('C:\\xampp1\\htdocs\\ci4\\app\\Views\\dataproduk.php')
 3 SYSTEMPATH\View\View.php(227): CodeIgniter\View\View->CodeIgniter\View\{closure}()
 4 SYSTEMPATH\Common.php(1173): CodeIgniter\View\View->render('dataproduk', [], true)
 5 APPPATH\Controllers\Home3.php(36): view('dataproduk')
 6 SYSTEMPATH\CodeIgniter.php(933): App\Controllers\Home3->dataproduk()
 7 SYSTEMPATH\CodeIgniter.php(507): CodeIgniter\CodeIgniter->runController(Object(App\Controllers\Home3))
 8 SYSTEMPATH\CodeIgniter.php(354): CodeIgniter\CodeIgniter->handleRequest(null, Object(Config\Cache), false)
 9 SYSTEMPATH\Boot.php(334): CodeIgniter\CodeIgniter->run()
10 SYSTEMPATH\Boot.php(67): CodeIgniter\Boot::runCodeIgniter(Object(CodeIgniter\CodeIgniter))
11 FCPATH\index.php(56): CodeIgniter\Boot::bootWeb(Object(Config\Paths))
