DEBUG - 2025-05-31 14:59:15 --> Session: Class initialized using 'CodeIgniter\Session\Handlers\FileHandler' driver.
DEBUG - 2025-05-31 14:59:19 --> Session: Class initialized using 'CodeIgniter\Session\Handlers\FileHandler' driver.
DEBUG - 2025-05-31 14:59:22 --> Session: Class initialized using 'CodeIgniter\Session\Handlers\FileHandler' driver.
DEBUG - 2025-05-31 14:59:45 --> Session: Class initialized using 'CodeIgniter\Session\Handlers\FileHandler' driver.
DEBUG - 2025-05-31 14:59:45 --> Session: Class initialized using 'CodeIgniter\Session\Handlers\FileHandler' driver.
DEBUG - 2025-05-31 14:59:52 --> Session: Class initialized using 'CodeIgniter\Session\Handlers\FileHandler' driver.
DEBUG - 2025-05-31 15:02:01 --> Session: Class initialized using 'CodeIgniter\Session\Handlers\FileHandler' driver.
DEBUG - 2025-05-31 15:02:01 --> Session: Class initialized using 'CodeIgniter\Session\Handlers\FileHandler' driver.
DEBUG - 2025-05-31 15:02:05 --> Session: Class initialized using 'CodeIgniter\Session\Handlers\FileHandler' driver.
DEBUG - 2025-05-31 15:02:33 --> Session: Class initialized using 'CodeIgniter\Session\Handlers\FileHandler' driver.
DEBUG - 2025-05-31 15:04:37 --> Session: Class initialized using 'CodeIgniter\Session\Handlers\FileHandler' driver.
DEBUG - 2025-05-31 15:04:41 --> Session: Class initialized using 'CodeIgniter\Session\Handlers\FileHandler' driver.
DEBUG - 2025-05-31 15:04:52 --> Session: Class initialized using 'CodeIgniter\Session\Handlers\FileHandler' driver.
DEBUG - 2025-05-31 15:04:59 --> Session: Class initialized using 'CodeIgniter\Session\Handlers\FileHandler' driver.
DEBUG - 2025-05-31 15:05:04 --> Session: Class initialized using 'CodeIgniter\Session\Handlers\FileHandler' driver.
DEBUG - 2025-05-31 15:57:32 --> Session: Class initialized using 'CodeIgniter\Session\Handlers\FileHandler' driver.
CRITICAL - 2025-05-31 15:57:42 --> ErrorException: Undefined variable $laporan
[Method: GET, Route: laporanpenjualan]
in APPPATH\Views\MainPage\laporanpenjualan.php on line 68.
 1 APPPATH\Views\MainPage\laporanpenjualan.php(68): CodeIgniter\Debug\Exceptions->errorHandler(2, 'Undefined variable $laporan', 'C:\\xampp\\htdocs\\bmc-updated-main\\app\\Views\\MainPage\\laporanpenjualan.php', 68)
 2 SYSTEMPATH\View\View.php(224): include('C:\\xampp\\htdocs\\bmc-updated-main\\app\\Views\\MainPage\\laporanpenjualan.php')
 3 SYSTEMPATH\View\View.php(227): CodeIgniter\View\View->CodeIgniter\View\{closure}()
 4 SYSTEMPATH\Common.php(1173): CodeIgniter\View\View->render('MainPage/laporanpenjualan', [], true)
 5 APPPATH\Controllers\Pages.php(18): view('MainPage/laporanpenjualan')
 6 SYSTEMPATH\CodeIgniter.php(933): App\Controllers\Pages->view('laporanpenjualan')
 7 SYSTEMPATH\CodeIgniter.php(507): CodeIgniter\CodeIgniter->runController(Object(App\Controllers\Pages))
 8 SYSTEMPATH\CodeIgniter.php(354): CodeIgniter\CodeIgniter->handleRequest(null, Object(Config\Cache), false)
 9 SYSTEMPATH\Boot.php(334): CodeIgniter\CodeIgniter->run()
10 SYSTEMPATH\Boot.php(67): CodeIgniter\Boot::runCodeIgniter(Object(CodeIgniter\CodeIgniter))
11 FCPATH\index.php(56): CodeIgniter\Boot::bootWeb(Object(Config\Paths))
12 SYSTEMPATH\rewrite.php(44): require_once('C:\\xampp\\htdocs\\bmc-updated-main\\public\\index.php')
CRITICAL - 2025-05-31 16:00:48 --> ErrorException: Undefined variable $laporan
[Method: GET, Route: laporanpenjualan]
in APPPATH\Views\MainPage\laporanpenjualan.php on line 68.
 1 APPPATH\Views\MainPage\laporanpenjualan.php(68): CodeIgniter\Debug\Exceptions->errorHandler(2, 'Undefined variable $laporan', 'C:\\xampp\\htdocs\\bmc-updated-main\\app\\Views\\MainPage\\laporanpenjualan.php', 68)
 2 SYSTEMPATH\View\View.php(224): include('C:\\xampp\\htdocs\\bmc-updated-main\\app\\Views\\MainPage\\laporanpenjualan.php')
 3 SYSTEMPATH\View\View.php(227): CodeIgniter\View\View->CodeIgniter\View\{closure}()
 4 SYSTEMPATH\Common.php(1173): CodeIgniter\View\View->render('MainPage/laporanpenjualan', [], true)
 5 APPPATH\Controllers\Pages.php(18): view('MainPage/laporanpenjualan')
 6 SYSTEMPATH\CodeIgniter.php(933): App\Controllers\Pages->view('laporanpenjualan')
 7 SYSTEMPATH\CodeIgniter.php(507): CodeIgniter\CodeIgniter->runController(Object(App\Controllers\Pages))
 8 SYSTEMPATH\CodeIgniter.php(354): CodeIgniter\CodeIgniter->handleRequest(null, Object(Config\Cache), false)
 9 SYSTEMPATH\Boot.php(334): CodeIgniter\CodeIgniter->run()
10 SYSTEMPATH\Boot.php(67): CodeIgniter\Boot::runCodeIgniter(Object(CodeIgniter\CodeIgniter))
11 FCPATH\index.php(56): CodeIgniter\Boot::bootWeb(Object(Config\Paths))
12 SYSTEMPATH\rewrite.php(44): require_once('C:\\xampp\\htdocs\\bmc-updated-main\\public\\index.php')
CRITICAL - 2025-05-31 16:01:23 --> ErrorException: Undefined variable $laporan
[Method: GET, Route: laporanpenjualan]
in APPPATH\Views\MainPage\laporanpenjualan.php on line 68.
 1 APPPATH\Views\MainPage\laporanpenjualan.php(68): CodeIgniter\Debug\Exceptions->errorHandler(2, 'Undefined variable $laporan', 'C:\\xampp\\htdocs\\bmc-updated-main\\app\\Views\\MainPage\\laporanpenjualan.php', 68)
 2 SYSTEMPATH\View\View.php(224): include('C:\\xampp\\htdocs\\bmc-updated-main\\app\\Views\\MainPage\\laporanpenjualan.php')
 3 SYSTEMPATH\View\View.php(227): CodeIgniter\View\View->CodeIgniter\View\{closure}()
 4 SYSTEMPATH\Common.php(1173): CodeIgniter\View\View->render('MainPage/laporanpenjualan', [], true)
 5 APPPATH\Controllers\Pages.php(18): view('MainPage/laporanpenjualan')
 6 SYSTEMPATH\CodeIgniter.php(933): App\Controllers\Pages->view('laporanpenjualan')
 7 SYSTEMPATH\CodeIgniter.php(507): CodeIgniter\CodeIgniter->runController(Object(App\Controllers\Pages))
 8 SYSTEMPATH\CodeIgniter.php(354): CodeIgniter\CodeIgniter->handleRequest(null, Object(Config\Cache), false)
 9 SYSTEMPATH\Boot.php(334): CodeIgniter\CodeIgniter->run()
10 SYSTEMPATH\Boot.php(67): CodeIgniter\Boot::runCodeIgniter(Object(CodeIgniter\CodeIgniter))
11 FCPATH\index.php(56): CodeIgniter\Boot::bootWeb(Object(Config\Paths))
12 SYSTEMPATH\rewrite.php(44): require_once('C:\\xampp\\htdocs\\bmc-updated-main\\public\\index.php')
DEBUG - 2025-05-31 16:01:49 --> Session: Class initialized using 'CodeIgniter\Session\Handlers\FileHandler' driver.
CRITICAL - 2025-05-31 16:01:52 --> ErrorException: Undefined variable $laporan
[Method: GET, Route: laporanpenjualan]
in APPPATH\Views\MainPage\laporanpenjualan.php on line 68.
 1 APPPATH\Views\MainPage\laporanpenjualan.php(68): CodeIgniter\Debug\Exceptions->errorHandler(2, 'Undefined variable $laporan', 'C:\\xampp\\htdocs\\bmc-updated-main\\app\\Views\\MainPage\\laporanpenjualan.php', 68)
 2 SYSTEMPATH\View\View.php(224): include('C:\\xampp\\htdocs\\bmc-updated-main\\app\\Views\\MainPage\\laporanpenjualan.php')
 3 SYSTEMPATH\View\View.php(227): CodeIgniter\View\View->CodeIgniter\View\{closure}()
 4 SYSTEMPATH\Common.php(1173): CodeIgniter\View\View->render('MainPage/laporanpenjualan', [], true)
 5 APPPATH\Controllers\Pages.php(18): view('MainPage/laporanpenjualan')
 6 SYSTEMPATH\CodeIgniter.php(933): App\Controllers\Pages->view('laporanpenjualan')
 7 SYSTEMPATH\CodeIgniter.php(507): CodeIgniter\CodeIgniter->runController(Object(App\Controllers\Pages))
 8 SYSTEMPATH\CodeIgniter.php(354): CodeIgniter\CodeIgniter->handleRequest(null, Object(Config\Cache), false)
 9 SYSTEMPATH\Boot.php(334): CodeIgniter\CodeIgniter->run()
10 SYSTEMPATH\Boot.php(67): CodeIgniter\Boot::runCodeIgniter(Object(CodeIgniter\CodeIgniter))
11 FCPATH\index.php(56): CodeIgniter\Boot::bootWeb(Object(Config\Paths))
12 SYSTEMPATH\rewrite.php(44): require_once('C:\\xampp\\htdocs\\bmc-updated-main\\public\\index.php')
DEBUG - 2025-05-31 16:10:09 --> Session: Class initialized using 'CodeIgniter\Session\Handlers\FileHandler' driver.
DEBUG - 2025-05-31 16:10:29 --> Session: Class initialized using 'CodeIgniter\Session\Handlers\FileHandler' driver.
DEBUG - 2025-05-31 16:10:34 --> Session: Class initialized using 'CodeIgniter\Session\Handlers\FileHandler' driver.
DEBUG - 2025-05-31 16:10:36 --> Session: Class initialized using 'CodeIgniter\Session\Handlers\FileHandler' driver.
DEBUG - 2025-05-31 16:13:03 --> Session: Class initialized using 'CodeIgniter\Session\Handlers\FileHandler' driver.
DEBUG - 2025-05-31 16:13:11 --> Session: Class initialized using 'CodeIgniter\Session\Handlers\FileHandler' driver.
DEBUG - 2025-05-31 16:13:14 --> Session: Class initialized using 'CodeIgniter\Session\Handlers\FileHandler' driver.
DEBUG - 2025-05-31 16:13:16 --> Session: Class initialized using 'CodeIgniter\Session\Handlers\FileHandler' driver.
DEBUG - 2025-05-31 16:13:18 --> Session: Class initialized using 'CodeIgniter\Session\Handlers\FileHandler' driver.
DEBUG - 2025-05-31 16:13:20 --> Session: Class initialized using 'CodeIgniter\Session\Handlers\FileHandler' driver.
DEBUG - 2025-05-31 16:13:23 --> Session: Class initialized using 'CodeIgniter\Session\Handlers\FileHandler' driver.
DEBUG - 2025-05-31 16:13:25 --> Session: Class initialized using 'CodeIgniter\Session\Handlers\FileHandler' driver.
DEBUG - 2025-05-31 16:13:27 --> Session: Class initialized using 'CodeIgniter\Session\Handlers\FileHandler' driver.
DEBUG - 2025-05-31 16:13:29 --> Session: Class initialized using 'CodeIgniter\Session\Handlers\FileHandler' driver.
DEBUG - 2025-05-31 16:13:31 --> Session: Class initialized using 'CodeIgniter\Session\Handlers\FileHandler' driver.
DEBUG - 2025-05-31 16:13:38 --> Session: Class initialized using 'CodeIgniter\Session\Handlers\FileHandler' driver.
DEBUG - 2025-05-31 16:13:40 --> Session: Class initialized using 'CodeIgniter\Session\Handlers\FileHandler' driver.
DEBUG - 2025-05-31 16:13:40 --> Session: Class initialized using 'CodeIgniter\Session\Handlers\FileHandler' driver.
DEBUG - 2025-05-31 16:13:43 --> Session: Class initialized using 'CodeIgniter\Session\Handlers\FileHandler' driver.
DEBUG - 2025-05-31 16:13:48 --> Session: Class initialized using 'CodeIgniter\Session\Handlers\FileHandler' driver.
DEBUG - 2025-05-31 16:13:51 --> Session: Class initialized using 'CodeIgniter\Session\Handlers\FileHandler' driver.
DEBUG - 2025-05-31 16:13:53 --> Session: Class initialized using 'CodeIgniter\Session\Handlers\FileHandler' driver.
DEBUG - 2025-05-31 16:13:55 --> Session: Class initialized using 'CodeIgniter\Session\Handlers\FileHandler' driver.
DEBUG - 2025-05-31 16:13:57 --> Session: Class initialized using 'CodeIgniter\Session\Handlers\FileHandler' driver.
DEBUG - 2025-05-31 16:13:59 --> Session: Class initialized using 'CodeIgniter\Session\Handlers\FileHandler' driver.
DEBUG - 2025-05-31 16:14:00 --> Session: Class initialized using 'CodeIgniter\Session\Handlers\FileHandler' driver.
DEBUG - 2025-05-31 16:14:02 --> Session: Class initialized using 'CodeIgniter\Session\Handlers\FileHandler' driver.
DEBUG - 2025-05-31 16:14:04 --> Session: Class initialized using 'CodeIgniter\Session\Handlers\FileHandler' driver.
DEBUG - 2025-05-31 16:14:06 --> Session: Class initialized using 'CodeIgniter\Session\Handlers\FileHandler' driver.
DEBUG - 2025-05-31 16:14:08 --> Session: Class initialized using 'CodeIgniter\Session\Handlers\FileHandler' driver.
DEBUG - 2025-05-31 16:14:10 --> Session: Class initialized using 'CodeIgniter\Session\Handlers\FileHandler' driver.
DEBUG - 2025-05-31 16:14:13 --> Session: Class initialized using 'CodeIgniter\Session\Handlers\FileHandler' driver.
DEBUG - 2025-05-31 16:17:23 --> Session: Class initialized using 'CodeIgniter\Session\Handlers\FileHandler' driver.
DEBUG - 2025-05-31 16:18:01 --> Session: Class initialized using 'CodeIgniter\Session\Handlers\FileHandler' driver.
DEBUG - 2025-05-31 16:18:02 --> Session: Class initialized using 'CodeIgniter\Session\Handlers\FileHandler' driver.
DEBUG - 2025-05-31 16:18:02 --> Session: Class initialized using 'CodeIgniter\Session\Handlers\FileHandler' driver.
DEBUG - 2025-05-31 16:18:05 --> Session: Class initialized using 'CodeIgniter\Session\Handlers\FileHandler' driver.
DEBUG - 2025-05-31 16:19:13 --> Session: Class initialized using 'CodeIgniter\Session\Handlers\FileHandler' driver.
DEBUG - 2025-05-31 16:21:52 --> Session: Class initialized using 'CodeIgniter\Session\Handlers\FileHandler' driver.
DEBUG - 2025-05-31 16:22:36 --> Session: Class initialized using 'CodeIgniter\Session\Handlers\FileHandler' driver.
DEBUG - 2025-05-31 16:22:48 --> Session: Class initialized using 'CodeIgniter\Session\Handlers\FileHandler' driver.
DEBUG - 2025-05-31 16:23:10 --> Session: Class initialized using 'CodeIgniter\Session\Handlers\FileHandler' driver.
DEBUG - 2025-05-31 16:24:02 --> Session: Class initialized using 'CodeIgniter\Session\Handlers\FileHandler' driver.
DEBUG - 2025-05-31 16:24:15 --> Session: Class initialized using 'CodeIgniter\Session\Handlers\FileHandler' driver.
DEBUG - 2025-05-31 16:25:24 --> Session: Class initialized using 'CodeIgniter\Session\Handlers\FileHandler' driver.
DEBUG - 2025-05-31 16:25:36 --> Session: Class initialized using 'CodeIgniter\Session\Handlers\FileHandler' driver.
DEBUG - 2025-05-31 16:26:35 --> Session: Class initialized using 'CodeIgniter\Session\Handlers\FileHandler' driver.
DEBUG - 2025-05-31 16:27:36 --> Session: Class initialized using 'CodeIgniter\Session\Handlers\FileHandler' driver.
DEBUG - 2025-05-31 16:35:20 --> Session: Class initialized using 'CodeIgniter\Session\Handlers\FileHandler' driver.
DEBUG - 2025-05-31 16:37:38 --> Session: Class initialized using 'CodeIgniter\Session\Handlers\FileHandler' driver.
DEBUG - 2025-05-31 16:38:43 --> Session: Class initialized using 'CodeIgniter\Session\Handlers\FileHandler' driver.
DEBUG - 2025-05-31 16:38:43 --> Session: Class initialized using 'CodeIgniter\Session\Handlers\FileHandler' driver.
DEBUG - 2025-05-31 16:38:45 --> Session: Class initialized using 'CodeIgniter\Session\Handlers\FileHandler' driver.
DEBUG - 2025-05-31 16:38:45 --> Session: Class initialized using 'CodeIgniter\Session\Handlers\FileHandler' driver.
DEBUG - 2025-05-31 16:38:49 --> Session: Class initialized using 'CodeIgniter\Session\Handlers\FileHandler' driver.
DEBUG - 2025-05-31 16:38:51 --> Session: Class initialized using 'CodeIgniter\Session\Handlers\FileHandler' driver.
DEBUG - 2025-05-31 16:38:51 --> Session: Class initialized using 'CodeIgniter\Session\Handlers\FileHandler' driver.
DEBUG - 2025-05-31 16:38:54 --> Session: Class initialized using 'CodeIgniter\Session\Handlers\FileHandler' driver.
DEBUG - 2025-05-31 16:40:40 --> Session: Class initialized using 'CodeIgniter\Session\Handlers\FileHandler' driver.
DEBUG - 2025-05-31 16:40:42 --> Session: Class initialized using 'CodeIgniter\Session\Handlers\FileHandler' driver.
DEBUG - 2025-05-31 16:40:44 --> Session: Class initialized using 'CodeIgniter\Session\Handlers\FileHandler' driver.
DEBUG - 2025-05-31 16:40:46 --> Session: Class initialized using 'CodeIgniter\Session\Handlers\FileHandler' driver.
DEBUG - 2025-05-31 16:40:52 --> Session: Class initialized using 'CodeIgniter\Session\Handlers\FileHandler' driver.
DEBUG - 2025-05-31 16:40:52 --> Session: Class initialized using 'CodeIgniter\Session\Handlers\FileHandler' driver.
DEBUG - 2025-05-31 16:40:55 --> Session: Class initialized using 'CodeIgniter\Session\Handlers\FileHandler' driver.
DEBUG - 2025-05-31 16:41:02 --> Session: Class initialized using 'CodeIgniter\Session\Handlers\FileHandler' driver.
DEBUG - 2025-05-31 16:41:02 --> Session: Class initialized using 'CodeIgniter\Session\Handlers\FileHandler' driver.
DEBUG - 2025-05-31 16:41:04 --> Session: Class initialized using 'CodeIgniter\Session\Handlers\FileHandler' driver.
DEBUG - 2025-05-31 16:41:58 --> Session: Class initialized using 'CodeIgniter\Session\Handlers\FileHandler' driver.
DEBUG - 2025-05-31 16:42:05 --> Session: Class initialized using 'CodeIgniter\Session\Handlers\FileHandler' driver.
DEBUG - 2025-05-31 16:42:05 --> Session: Class initialized using 'CodeIgniter\Session\Handlers\FileHandler' driver.
DEBUG - 2025-05-31 16:42:13 --> Session: Class initialized using 'CodeIgniter\Session\Handlers\FileHandler' driver.
DEBUG - 2025-05-31 16:42:16 --> Session: Class initialized using 'CodeIgniter\Session\Handlers\FileHandler' driver.
DEBUG - 2025-05-31 16:42:16 --> Session: Class initialized using 'CodeIgniter\Session\Handlers\FileHandler' driver.
DEBUG - 2025-05-31 16:42:18 --> Session: Class initialized using 'CodeIgniter\Session\Handlers\FileHandler' driver.
DEBUG - 2025-05-31 16:42:20 --> Session: Class initialized using 'CodeIgniter\Session\Handlers\FileHandler' driver.
DEBUG - 2025-05-31 16:42:28 --> Session: Class initialized using 'CodeIgniter\Session\Handlers\FileHandler' driver.
DEBUG - 2025-05-31 16:42:28 --> Session: Class initialized using 'CodeIgniter\Session\Handlers\FileHandler' driver.
DEBUG - 2025-05-31 16:44:42 --> Session: Class initialized using 'CodeIgniter\Session\Handlers\FileHandler' driver.
DEBUG - 2025-05-31 16:52:53 --> Session: Class initialized using 'CodeIgniter\Session\Handlers\FileHandler' driver.
DEBUG - 2025-05-31 16:54:03 --> Session: Class initialized using 'CodeIgniter\Session\Handlers\FileHandler' driver.
ERROR - 2025-05-31 16:54:04 --> mysqli_sql_exception: Table 'newwhatever.users' doesn't exist in C:\xampp\htdocs\bmc-updated-main\system\Database\MySQLi\Connection.php:327
Stack trace:
#0 C:\xampp\htdocs\bmc-updated-main\system\Database\MySQLi\Connection.php(327): mysqli->query('SELECT `users`....', 0)
#1 C:\xampp\htdocs\bmc-updated-main\system\Database\BaseConnection.php(738): CodeIgniter\Database\MySQLi\Connection->execute('SELECT `users`....')
#2 C:\xampp\htdocs\bmc-updated-main\system\Database\BaseConnection.php(652): CodeIgniter\Database\BaseConnection->simpleQuery('SELECT `users`....')
#3 C:\xampp\htdocs\bmc-updated-main\system\Database\BaseBuilder.php(1649): CodeIgniter\Database\BaseConnection->query('SELECT `users`....', Array, false)
#4 C:\xampp\htdocs\bmc-updated-main\system\Model.php(286): CodeIgniter\Database\BaseBuilder->get()
#5 C:\xampp\htdocs\bmc-updated-main\system\BaseModel.php(675): CodeIgniter\Model->doFindAll(0, 0)
#6 C:\xampp\htdocs\bmc-updated-main\app\Models\PembayaranModel.php(31): CodeIgniter\BaseModel->findAll()
#7 C:\xampp\htdocs\bmc-updated-main\app\Controllers\Pembayaran.php(238): App\Models\PembayaranModel->getLaporanPembayaranBerhasil()
#8 C:\xampp\htdocs\bmc-updated-main\system\CodeIgniter.php(933): App\Controllers\Pembayaran->laporanKeuntungan()
#9 C:\xampp\htdocs\bmc-updated-main\system\CodeIgniter.php(507): CodeIgniter\CodeIgniter->runController(Object(App\Controllers\Pembayaran))
#10 C:\xampp\htdocs\bmc-updated-main\system\CodeIgniter.php(354): CodeIgniter\CodeIgniter->handleRequest(NULL, Object(Config\Cache), false)
#11 C:\xampp\htdocs\bmc-updated-main\system\Boot.php(334): CodeIgniter\CodeIgniter->run()
#12 C:\xampp\htdocs\bmc-updated-main\system\Boot.php(67): CodeIgniter\Boot::runCodeIgniter(Object(CodeIgniter\CodeIgniter))
#13 C:\xampp\htdocs\bmc-updated-main\public\index.php(56): CodeIgniter\Boot::bootWeb(Object(Config\Paths))
#14 C:\xampp\htdocs\bmc-updated-main\system\rewrite.php(44): require_once('C:\\xampp\\htdocs...')
#15 {main}
CRITICAL - 2025-05-31 16:54:04 --> CodeIgniter\Database\Exceptions\DatabaseException: Table 'newwhatever.users' doesn't exist
[Method: GET, Route: laporankeuntungan]
in SYSTEMPATH\Database\BaseConnection.php on line 692.
 1 SYSTEMPATH\Database\BaseBuilder.php(1649): CodeIgniter\Database\BaseConnection->query('SELECT `users`.`full_name` AS `nama_user`, `produk`.`title` AS `nama_kursus`, `pembayaran`.`harga`, `pembayaran`.`created_at`
FROM `pembayaran`
JOIN `users` ON `users`.`id` = `pembayaran`.`user_id`
JOIN `produk` ON `produk`.`id_produk` = `pembayaran`.`id_produk`
WHERE `pembayaran`.`status` = :pembayaran.status:
ORDER BY `pembayaran`.`created_at` DESC', [...], false)
 2 SYSTEMPATH\Model.php(286): CodeIgniter\Database\BaseBuilder->get()
 3 SYSTEMPATH\BaseModel.php(675): CodeIgniter\Model->doFindAll(0, 0)
 4 APPPATH\Models\PembayaranModel.php(31): CodeIgniter\BaseModel->findAll()
 5 APPPATH\Controllers\Pembayaran.php(238): App\Models\PembayaranModel->getLaporanPembayaranBerhasil()
 6 SYSTEMPATH\CodeIgniter.php(933): App\Controllers\Pembayaran->laporanKeuntungan()
 7 SYSTEMPATH\CodeIgniter.php(507): CodeIgniter\CodeIgniter->runController(Object(App\Controllers\Pembayaran))
 8 SYSTEMPATH\CodeIgniter.php(354): CodeIgniter\CodeIgniter->handleRequest(null, Object(Config\Cache), false)
 9 SYSTEMPATH\Boot.php(334): CodeIgniter\CodeIgniter->run()
10 SYSTEMPATH\Boot.php(67): CodeIgniter\Boot::runCodeIgniter(Object(CodeIgniter\CodeIgniter))
11 FCPATH\index.php(56): CodeIgniter\Boot::bootWeb(Object(Config\Paths))
12 SYSTEMPATH\rewrite.php(44): require_once('C:\\xampp\\htdocs\\bmc-updated-main\\public\\index.php')
CRITICAL - 2025-05-31 16:54:04 --> [Caused by] CodeIgniter\Database\Exceptions\DatabaseException: Table 'newwhatever.users' doesn't exist
in SYSTEMPATH\Database\MySQLi\Connection.php on line 332.
 1 SYSTEMPATH\Database\BaseConnection.php(738): CodeIgniter\Database\MySQLi\Connection->execute('SELECT `users`.`full_name` AS `nama_user`, `produk`.`title` AS `nama_kursus`, `pembayaran`.`harga`, `pembayaran`.`created_at`
FROM `pembayaran`
JOIN `users` ON `users`.`id` = `pembayaran`.`user_id`
JOIN `produk` ON `produk`.`id_produk` = `pembayaran`.`id_produk`
WHERE `pembayaran`.`status` = \'paid\'
ORDER BY `pembayaran`.`created_at` DESC')
 2 SYSTEMPATH\Database\BaseConnection.php(652): CodeIgniter\Database\BaseConnection->simpleQuery('SELECT `users`.`full_name` AS `nama_user`, `produk`.`title` AS `nama_kursus`, `pembayaran`.`harga`, `pembayaran`.`created_at`
FROM `pembayaran`
JOIN `users` ON `users`.`id` = `pembayaran`.`user_id`
JOIN `produk` ON `produk`.`id_produk` = `pembayaran`.`id_produk`
WHERE `pembayaran`.`status` = \'paid\'
ORDER BY `pembayaran`.`created_at` DESC')
 3 SYSTEMPATH\Database\BaseBuilder.php(1649): CodeIgniter\Database\BaseConnection->query('SELECT `users`.`full_name` AS `nama_user`, `produk`.`title` AS `nama_kursus`, `pembayaran`.`harga`, `pembayaran`.`created_at`
FROM `pembayaran`
JOIN `users` ON `users`.`id` = `pembayaran`.`user_id`
JOIN `produk` ON `produk`.`id_produk` = `pembayaran`.`id_produk`
WHERE `pembayaran`.`status` = :pembayaran.status:
ORDER BY `pembayaran`.`created_at` DESC', [...], false)
 4 SYSTEMPATH\Model.php(286): CodeIgniter\Database\BaseBuilder->get()
 5 SYSTEMPATH\BaseModel.php(675): CodeIgniter\Model->doFindAll(0, 0)
 6 APPPATH\Models\PembayaranModel.php(31): CodeIgniter\BaseModel->findAll()
 7 APPPATH\Controllers\Pembayaran.php(238): App\Models\PembayaranModel->getLaporanPembayaranBerhasil()
 8 SYSTEMPATH\CodeIgniter.php(933): App\Controllers\Pembayaran->laporanKeuntungan()
 9 SYSTEMPATH\CodeIgniter.php(507): CodeIgniter\CodeIgniter->runController(Object(App\Controllers\Pembayaran))
10 SYSTEMPATH\CodeIgniter.php(354): CodeIgniter\CodeIgniter->handleRequest(null, Object(Config\Cache), false)
11 SYSTEMPATH\Boot.php(334): CodeIgniter\CodeIgniter->run()
12 SYSTEMPATH\Boot.php(67): CodeIgniter\Boot::runCodeIgniter(Object(CodeIgniter\CodeIgniter))
13 FCPATH\index.php(56): CodeIgniter\Boot::bootWeb(Object(Config\Paths))
14 SYSTEMPATH\rewrite.php(44): require_once('C:\\xampp\\htdocs\\bmc-updated-main\\public\\index.php')
CRITICAL - 2025-05-31 16:54:04 --> [Caused by] mysqli_sql_exception: Table 'newwhatever.users' doesn't exist
in SYSTEMPATH\Database\MySQLi\Connection.php on line 327.
 1 SYSTEMPATH\Database\MySQLi\Connection.php(327): mysqli->query('SELECT `users`.`full_name` AS `nama_user`, `produk`.`title` AS `nama_kursus`, `pembayaran`.`harga`, `pembayaran`.`created_at`
FROM `pembayaran`
JOIN `users` ON `users`.`id` = `pembayaran`.`user_id`
JOIN `produk` ON `produk`.`id_produk` = `pembayaran`.`id_produk`
WHERE `pembayaran`.`status` = \'paid\'
ORDER BY `pembayaran`.`created_at` DESC', 0)
 2 SYSTEMPATH\Database\BaseConnection.php(738): CodeIgniter\Database\MySQLi\Connection->execute('SELECT `users`.`full_name` AS `nama_user`, `produk`.`title` AS `nama_kursus`, `pembayaran`.`harga`, `pembayaran`.`created_at`
FROM `pembayaran`
JOIN `users` ON `users`.`id` = `pembayaran`.`user_id`
JOIN `produk` ON `produk`.`id_produk` = `pembayaran`.`id_produk`
WHERE `pembayaran`.`status` = \'paid\'
ORDER BY `pembayaran`.`created_at` DESC')
 3 SYSTEMPATH\Database\BaseConnection.php(652): CodeIgniter\Database\BaseConnection->simpleQuery('SELECT `users`.`full_name` AS `nama_user`, `produk`.`title` AS `nama_kursus`, `pembayaran`.`harga`, `pembayaran`.`created_at`
FROM `pembayaran`
JOIN `users` ON `users`.`id` = `pembayaran`.`user_id`
JOIN `produk` ON `produk`.`id_produk` = `pembayaran`.`id_produk`
WHERE `pembayaran`.`status` = \'paid\'
ORDER BY `pembayaran`.`created_at` DESC')
 4 SYSTEMPATH\Database\BaseBuilder.php(1649): CodeIgniter\Database\BaseConnection->query('SELECT `users`.`full_name` AS `nama_user`, `produk`.`title` AS `nama_kursus`, `pembayaran`.`harga`, `pembayaran`.`created_at`
FROM `pembayaran`
JOIN `users` ON `users`.`id` = `pembayaran`.`user_id`
JOIN `produk` ON `produk`.`id_produk` = `pembayaran`.`id_produk`
WHERE `pembayaran`.`status` = :pembayaran.status:
ORDER BY `pembayaran`.`created_at` DESC', [...], false)
 5 SYSTEMPATH\Model.php(286): CodeIgniter\Database\BaseBuilder->get()
 6 SYSTEMPATH\BaseModel.php(675): CodeIgniter\Model->doFindAll(0, 0)
 7 APPPATH\Models\PembayaranModel.php(31): CodeIgniter\BaseModel->findAll()
 8 APPPATH\Controllers\Pembayaran.php(238): App\Models\PembayaranModel->getLaporanPembayaranBerhasil()
 9 SYSTEMPATH\CodeIgniter.php(933): App\Controllers\Pembayaran->laporanKeuntungan()
10 SYSTEMPATH\CodeIgniter.php(507): CodeIgniter\CodeIgniter->runController(Object(App\Controllers\Pembayaran))
11 SYSTEMPATH\CodeIgniter.php(354): CodeIgniter\CodeIgniter->handleRequest(null, Object(Config\Cache), false)
12 SYSTEMPATH\Boot.php(334): CodeIgniter\CodeIgniter->run()
13 SYSTEMPATH\Boot.php(67): CodeIgniter\Boot::runCodeIgniter(Object(CodeIgniter\CodeIgniter))
14 FCPATH\index.php(56): CodeIgniter\Boot::bootWeb(Object(Config\Paths))
15 SYSTEMPATH\rewrite.php(44): require_once('C:\\xampp\\htdocs\\bmc-updated-main\\public\\index.php')
DEBUG - 2025-05-31 16:54:45 --> Session: Class initialized using 'CodeIgniter\Session\Handlers\FileHandler' driver.
ERROR - 2025-05-31 16:54:45 --> mysqli_sql_exception: Unknown column 'users.full_name' in 'field list' in C:\xampp\htdocs\bmc-updated-main\system\Database\MySQLi\Connection.php:327
Stack trace:
#0 C:\xampp\htdocs\bmc-updated-main\system\Database\MySQLi\Connection.php(327): mysqli->query('SELECT `users`....', 0)
#1 C:\xampp\htdocs\bmc-updated-main\system\Database\BaseConnection.php(738): CodeIgniter\Database\MySQLi\Connection->execute('SELECT `users`....')
#2 C:\xampp\htdocs\bmc-updated-main\system\Database\BaseConnection.php(652): CodeIgniter\Database\BaseConnection->simpleQuery('SELECT `users`....')
#3 C:\xampp\htdocs\bmc-updated-main\system\Database\BaseBuilder.php(1649): CodeIgniter\Database\BaseConnection->query('SELECT `users`....', Array, false)
#4 C:\xampp\htdocs\bmc-updated-main\system\Model.php(286): CodeIgniter\Database\BaseBuilder->get()
#5 C:\xampp\htdocs\bmc-updated-main\system\BaseModel.php(675): CodeIgniter\Model->doFindAll(0, 0)
#6 C:\xampp\htdocs\bmc-updated-main\app\Models\PembayaranModel.php(31): CodeIgniter\BaseModel->findAll()
#7 C:\xampp\htdocs\bmc-updated-main\app\Controllers\Pembayaran.php(238): App\Models\PembayaranModel->getLaporanPembayaranBerhasil()
#8 C:\xampp\htdocs\bmc-updated-main\system\CodeIgniter.php(933): App\Controllers\Pembayaran->laporanKeuntungan()
#9 C:\xampp\htdocs\bmc-updated-main\system\CodeIgniter.php(507): CodeIgniter\CodeIgniter->runController(Object(App\Controllers\Pembayaran))
#10 C:\xampp\htdocs\bmc-updated-main\system\CodeIgniter.php(354): CodeIgniter\CodeIgniter->handleRequest(NULL, Object(Config\Cache), false)
#11 C:\xampp\htdocs\bmc-updated-main\system\Boot.php(334): CodeIgniter\CodeIgniter->run()
#12 C:\xampp\htdocs\bmc-updated-main\system\Boot.php(67): CodeIgniter\Boot::runCodeIgniter(Object(CodeIgniter\CodeIgniter))
#13 C:\xampp\htdocs\bmc-updated-main\public\index.php(56): CodeIgniter\Boot::bootWeb(Object(Config\Paths))
#14 C:\xampp\htdocs\bmc-updated-main\system\rewrite.php(44): require_once('C:\\xampp\\htdocs...')
#15 {main}
CRITICAL - 2025-05-31 16:54:45 --> CodeIgniter\Database\Exceptions\DatabaseException: Unknown column 'users.full_name' in 'field list'
[Method: GET, Route: laporankeuntungan]
in SYSTEMPATH\Database\BaseConnection.php on line 692.
 1 SYSTEMPATH\Database\BaseBuilder.php(1649): CodeIgniter\Database\BaseConnection->query('SELECT `users`.`full_name` AS `nama_user`, `produk`.`title` AS `nama_kursus`, `pembayaran`.`harga`, `pembayaran`.`created_at`
FROM `pembayaran`
JOIN `user` ON `user`.`user_id` = `pembayaran`.`user_id`
JOIN `produk` ON `produk`.`id_produk` = `pembayaran`.`id_produk`
WHERE `pembayaran`.`status` = :pembayaran.status:
ORDER BY `pembayaran`.`created_at` DESC', [...], false)
 2 SYSTEMPATH\Model.php(286): CodeIgniter\Database\BaseBuilder->get()
 3 SYSTEMPATH\BaseModel.php(675): CodeIgniter\Model->doFindAll(0, 0)
 4 APPPATH\Models\PembayaranModel.php(31): CodeIgniter\BaseModel->findAll()
 5 APPPATH\Controllers\Pembayaran.php(238): App\Models\PembayaranModel->getLaporanPembayaranBerhasil()
 6 SYSTEMPATH\CodeIgniter.php(933): App\Controllers\Pembayaran->laporanKeuntungan()
 7 SYSTEMPATH\CodeIgniter.php(507): CodeIgniter\CodeIgniter->runController(Object(App\Controllers\Pembayaran))
 8 SYSTEMPATH\CodeIgniter.php(354): CodeIgniter\CodeIgniter->handleRequest(null, Object(Config\Cache), false)
 9 SYSTEMPATH\Boot.php(334): CodeIgniter\CodeIgniter->run()
10 SYSTEMPATH\Boot.php(67): CodeIgniter\Boot::runCodeIgniter(Object(CodeIgniter\CodeIgniter))
11 FCPATH\index.php(56): CodeIgniter\Boot::bootWeb(Object(Config\Paths))
12 SYSTEMPATH\rewrite.php(44): require_once('C:\\xampp\\htdocs\\bmc-updated-main\\public\\index.php')
CRITICAL - 2025-05-31 16:54:45 --> [Caused by] CodeIgniter\Database\Exceptions\DatabaseException: Unknown column 'users.full_name' in 'field list'
in SYSTEMPATH\Database\MySQLi\Connection.php on line 332.
 1 SYSTEMPATH\Database\BaseConnection.php(738): CodeIgniter\Database\MySQLi\Connection->execute('SELECT `users`.`full_name` AS `nama_user`, `produk`.`title` AS `nama_kursus`, `pembayaran`.`harga`, `pembayaran`.`created_at`
FROM `pembayaran`
JOIN `user` ON `user`.`user_id` = `pembayaran`.`user_id`
JOIN `produk` ON `produk`.`id_produk` = `pembayaran`.`id_produk`
WHERE `pembayaran`.`status` = \'paid\'
ORDER BY `pembayaran`.`created_at` DESC')
 2 SYSTEMPATH\Database\BaseConnection.php(652): CodeIgniter\Database\BaseConnection->simpleQuery('SELECT `users`.`full_name` AS `nama_user`, `produk`.`title` AS `nama_kursus`, `pembayaran`.`harga`, `pembayaran`.`created_at`
FROM `pembayaran`
JOIN `user` ON `user`.`user_id` = `pembayaran`.`user_id`
JOIN `produk` ON `produk`.`id_produk` = `pembayaran`.`id_produk`
WHERE `pembayaran`.`status` = \'paid\'
ORDER BY `pembayaran`.`created_at` DESC')
 3 SYSTEMPATH\Database\BaseBuilder.php(1649): CodeIgniter\Database\BaseConnection->query('SELECT `users`.`full_name` AS `nama_user`, `produk`.`title` AS `nama_kursus`, `pembayaran`.`harga`, `pembayaran`.`created_at`
FROM `pembayaran`
JOIN `user` ON `user`.`user_id` = `pembayaran`.`user_id`
JOIN `produk` ON `produk`.`id_produk` = `pembayaran`.`id_produk`
WHERE `pembayaran`.`status` = :pembayaran.status:
ORDER BY `pembayaran`.`created_at` DESC', [...], false)
 4 SYSTEMPATH\Model.php(286): CodeIgniter\Database\BaseBuilder->get()
 5 SYSTEMPATH\BaseModel.php(675): CodeIgniter\Model->doFindAll(0, 0)
 6 APPPATH\Models\PembayaranModel.php(31): CodeIgniter\BaseModel->findAll()
 7 APPPATH\Controllers\Pembayaran.php(238): App\Models\PembayaranModel->getLaporanPembayaranBerhasil()
 8 SYSTEMPATH\CodeIgniter.php(933): App\Controllers\Pembayaran->laporanKeuntungan()
 9 SYSTEMPATH\CodeIgniter.php(507): CodeIgniter\CodeIgniter->runController(Object(App\Controllers\Pembayaran))
10 SYSTEMPATH\CodeIgniter.php(354): CodeIgniter\CodeIgniter->handleRequest(null, Object(Config\Cache), false)
11 SYSTEMPATH\Boot.php(334): CodeIgniter\CodeIgniter->run()
12 SYSTEMPATH\Boot.php(67): CodeIgniter\Boot::runCodeIgniter(Object(CodeIgniter\CodeIgniter))
13 FCPATH\index.php(56): CodeIgniter\Boot::bootWeb(Object(Config\Paths))
14 SYSTEMPATH\rewrite.php(44): require_once('C:\\xampp\\htdocs\\bmc-updated-main\\public\\index.php')
CRITICAL - 2025-05-31 16:54:45 --> [Caused by] mysqli_sql_exception: Unknown column 'users.full_name' in 'field list'
in SYSTEMPATH\Database\MySQLi\Connection.php on line 327.
 1 SYSTEMPATH\Database\MySQLi\Connection.php(327): mysqli->query('SELECT `users`.`full_name` AS `nama_user`, `produk`.`title` AS `nama_kursus`, `pembayaran`.`harga`, `pembayaran`.`created_at`
FROM `pembayaran`
JOIN `user` ON `user`.`user_id` = `pembayaran`.`user_id`
JOIN `produk` ON `produk`.`id_produk` = `pembayaran`.`id_produk`
WHERE `pembayaran`.`status` = \'paid\'
ORDER BY `pembayaran`.`created_at` DESC', 0)
 2 SYSTEMPATH\Database\BaseConnection.php(738): CodeIgniter\Database\MySQLi\Connection->execute('SELECT `users`.`full_name` AS `nama_user`, `produk`.`title` AS `nama_kursus`, `pembayaran`.`harga`, `pembayaran`.`created_at`
FROM `pembayaran`
JOIN `user` ON `user`.`user_id` = `pembayaran`.`user_id`
JOIN `produk` ON `produk`.`id_produk` = `pembayaran`.`id_produk`
WHERE `pembayaran`.`status` = \'paid\'
ORDER BY `pembayaran`.`created_at` DESC')
 3 SYSTEMPATH\Database\BaseConnection.php(652): CodeIgniter\Database\BaseConnection->simpleQuery('SELECT `users`.`full_name` AS `nama_user`, `produk`.`title` AS `nama_kursus`, `pembayaran`.`harga`, `pembayaran`.`created_at`
FROM `pembayaran`
JOIN `user` ON `user`.`user_id` = `pembayaran`.`user_id`
JOIN `produk` ON `produk`.`id_produk` = `pembayaran`.`id_produk`
WHERE `pembayaran`.`status` = \'paid\'
ORDER BY `pembayaran`.`created_at` DESC')
 4 SYSTEMPATH\Database\BaseBuilder.php(1649): CodeIgniter\Database\BaseConnection->query('SELECT `users`.`full_name` AS `nama_user`, `produk`.`title` AS `nama_kursus`, `pembayaran`.`harga`, `pembayaran`.`created_at`
FROM `pembayaran`
JOIN `user` ON `user`.`user_id` = `pembayaran`.`user_id`
JOIN `produk` ON `produk`.`id_produk` = `pembayaran`.`id_produk`
WHERE `pembayaran`.`status` = :pembayaran.status:
ORDER BY `pembayaran`.`created_at` DESC', [...], false)
 5 SYSTEMPATH\Model.php(286): CodeIgniter\Database\BaseBuilder->get()
 6 SYSTEMPATH\BaseModel.php(675): CodeIgniter\Model->doFindAll(0, 0)
 7 APPPATH\Models\PembayaranModel.php(31): CodeIgniter\BaseModel->findAll()
 8 APPPATH\Controllers\Pembayaran.php(238): App\Models\PembayaranModel->getLaporanPembayaranBerhasil()
 9 SYSTEMPATH\CodeIgniter.php(933): App\Controllers\Pembayaran->laporanKeuntungan()
10 SYSTEMPATH\CodeIgniter.php(507): CodeIgniter\CodeIgniter->runController(Object(App\Controllers\Pembayaran))
11 SYSTEMPATH\CodeIgniter.php(354): CodeIgniter\CodeIgniter->handleRequest(null, Object(Config\Cache), false)
12 SYSTEMPATH\Boot.php(334): CodeIgniter\CodeIgniter->run()
13 SYSTEMPATH\Boot.php(67): CodeIgniter\Boot::runCodeIgniter(Object(CodeIgniter\CodeIgniter))
14 FCPATH\index.php(56): CodeIgniter\Boot::bootWeb(Object(Config\Paths))
15 SYSTEMPATH\rewrite.php(44): require_once('C:\\xampp\\htdocs\\bmc-updated-main\\public\\index.php')
DEBUG - 2025-05-31 16:54:58 --> Session: Class initialized using 'CodeIgniter\Session\Handlers\FileHandler' driver.
CRITICAL - 2025-05-31 16:54:58 --> TypeError: Unsupported operand types: int + string
[Method: GET, Route: laporankeuntungan]
in APPPATH\Controllers\Pembayaran.php on line 243.
 1 SYSTEMPATH\CodeIgniter.php(933): App\Controllers\Pembayaran->laporanKeuntungan()
 2 SYSTEMPATH\CodeIgniter.php(507): CodeIgniter\CodeIgniter->runController(Object(App\Controllers\Pembayaran))
 3 SYSTEMPATH\CodeIgniter.php(354): CodeIgniter\CodeIgniter->handleRequest(null, Object(Config\Cache), false)
 4 SYSTEMPATH\Boot.php(334): CodeIgniter\CodeIgniter->run()
 5 SYSTEMPATH\Boot.php(67): CodeIgniter\Boot::runCodeIgniter(Object(CodeIgniter\CodeIgniter))
 6 FCPATH\index.php(56): CodeIgniter\Boot::bootWeb(Object(Config\Paths))
 7 SYSTEMPATH\rewrite.php(44): require_once('C:\\xampp\\htdocs\\bmc-updated-main\\public\\index.php')
DEBUG - 2025-05-31 16:57:48 --> Session: Class initialized using 'CodeIgniter\Session\Handlers\FileHandler' driver.
CRITICAL - 2025-05-31 16:57:48 --> ErrorException: Undefined array key "produk_nama"
[Method: GET, Route: laporankeuntungan]
in APPPATH\Views\MainPage\laporankeuntungan.php on line 189.
 1 APPPATH\Views\MainPage\laporankeuntungan.php(189): CodeIgniter\Debug\Exceptions->errorHandler(2, 'Undefined array key "produk_nama"', 'C:\\xampp\\htdocs\\bmc-updated-main\\app\\Views\\MainPage\\laporankeuntungan.php', 189)
 2 SYSTEMPATH\View\View.php(224): include('C:\\xampp\\htdocs\\bmc-updated-main\\app\\Views\\MainPage\\laporankeuntungan.php')
 3 SYSTEMPATH\View\View.php(227): CodeIgniter\View\View->CodeIgniter\View\{closure}()
 4 SYSTEMPATH\Common.php(1173): CodeIgniter\View\View->render('MainPage/laporankeuntungan', [], true)
 5 APPPATH\Controllers\Pembayaran.php(246): view('MainPage/laporankeuntungan', [...])
 6 SYSTEMPATH\CodeIgniter.php(933): App\Controllers\Pembayaran->laporanKeuntungan()
 7 SYSTEMPATH\CodeIgniter.php(507): CodeIgniter\CodeIgniter->runController(Object(App\Controllers\Pembayaran))
 8 SYSTEMPATH\CodeIgniter.php(354): CodeIgniter\CodeIgniter->handleRequest(null, Object(Config\Cache), false)
 9 SYSTEMPATH\Boot.php(334): CodeIgniter\CodeIgniter->run()
10 SYSTEMPATH\Boot.php(67): CodeIgniter\Boot::runCodeIgniter(Object(CodeIgniter\CodeIgniter))
11 FCPATH\index.php(56): CodeIgniter\Boot::bootWeb(Object(Config\Paths))
12 SYSTEMPATH\rewrite.php(44): require_once('C:\\xampp\\htdocs\\bmc-updated-main\\public\\index.php')
DEBUG - 2025-05-31 16:58:57 --> Session: Class initialized using 'CodeIgniter\Session\Handlers\FileHandler' driver.
CRITICAL - 2025-05-31 16:58:57 --> TypeError: number_format(): Argument #1 ($num) must be of type float, string given
[Method: GET, Route: laporankeuntungan]
in APPPATH\Views\MainPage\laporankeuntungan.php on line 182.
 1 APPPATH\Views\MainPage\laporankeuntungan.php(182): number_format('IDR 350.000', 0, ',', '.')
 2 SYSTEMPATH\View\View.php(224): include('C:\\xampp\\htdocs\\bmc-updated-main\\app\\Views\\MainPage\\laporankeuntungan.php')
 3 SYSTEMPATH\View\View.php(227): CodeIgniter\View\View->CodeIgniter\View\{closure}()
 4 SYSTEMPATH\Common.php(1173): CodeIgniter\View\View->render('MainPage/laporankeuntungan', [], true)
 5 APPPATH\Controllers\Pembayaran.php(246): view('MainPage/laporankeuntungan', [...])
 6 SYSTEMPATH\CodeIgniter.php(933): App\Controllers\Pembayaran->laporanKeuntungan()
 7 SYSTEMPATH\CodeIgniter.php(507): CodeIgniter\CodeIgniter->runController(Object(App\Controllers\Pembayaran))
 8 SYSTEMPATH\CodeIgniter.php(354): CodeIgniter\CodeIgniter->handleRequest(null, Object(Config\Cache), false)
 9 SYSTEMPATH\Boot.php(334): CodeIgniter\CodeIgniter->run()
10 SYSTEMPATH\Boot.php(67): CodeIgniter\Boot::runCodeIgniter(Object(CodeIgniter\CodeIgniter))
11 FCPATH\index.php(56): CodeIgniter\Boot::bootWeb(Object(Config\Paths))
12 SYSTEMPATH\rewrite.php(44): require_once('C:\\xampp\\htdocs\\bmc-updated-main\\public\\index.php')
DEBUG - 2025-05-31 17:00:17 --> Session: Class initialized using 'CodeIgniter\Session\Handlers\FileHandler' driver.
CRITICAL - 2025-05-31 17:00:17 --> ErrorException: Undefined array key "full_name"
[Method: GET, Route: laporankeuntungan]
in APPPATH\Views\MainPage\laporankeuntungan.php on line 183.
 1 APPPATH\Views\MainPage\laporankeuntungan.php(183): CodeIgniter\Debug\Exceptions->errorHandler(2, 'Undefined array key "full_name"', 'C:\\xampp\\htdocs\\bmc-updated-main\\app\\Views\\MainPage\\laporankeuntungan.php', 183)
 2 SYSTEMPATH\View\View.php(224): include('C:\\xampp\\htdocs\\bmc-updated-main\\app\\Views\\MainPage\\laporankeuntungan.php')
 3 SYSTEMPATH\View\View.php(227): CodeIgniter\View\View->CodeIgniter\View\{closure}()
 4 SYSTEMPATH\Common.php(1173): CodeIgniter\View\View->render('MainPage/laporankeuntungan', [], true)
 5 APPPATH\Controllers\Pembayaran.php(246): view('MainPage/laporankeuntungan', [...])
 6 SYSTEMPATH\CodeIgniter.php(933): App\Controllers\Pembayaran->laporanKeuntungan()
 7 SYSTEMPATH\CodeIgniter.php(507): CodeIgniter\CodeIgniter->runController(Object(App\Controllers\Pembayaran))
 8 SYSTEMPATH\CodeIgniter.php(354): CodeIgniter\CodeIgniter->handleRequest(null, Object(Config\Cache), false)
 9 SYSTEMPATH\Boot.php(334): CodeIgniter\CodeIgniter->run()
10 SYSTEMPATH\Boot.php(67): CodeIgniter\Boot::runCodeIgniter(Object(CodeIgniter\CodeIgniter))
11 FCPATH\index.php(56): CodeIgniter\Boot::bootWeb(Object(Config\Paths))
12 SYSTEMPATH\rewrite.php(44): require_once('C:\\xampp\\htdocs\\bmc-updated-main\\public\\index.php')
DEBUG - 2025-05-31 17:07:44 --> Session: Class initialized using 'CodeIgniter\Session\Handlers\FileHandler' driver.
DEBUG - 2025-05-31 17:12:17 --> Session: Class initialized using 'CodeIgniter\Session\Handlers\FileHandler' driver.
DEBUG - 2025-05-31 17:13:41 --> Session: Class initialized using 'CodeIgniter\Session\Handlers\FileHandler' driver.
DEBUG - 2025-05-31 17:13:45 --> Session: Class initialized using 'CodeIgniter\Session\Handlers\FileHandler' driver.
DEBUG - 2025-05-31 17:14:03 --> Session: Class initialized using 'CodeIgniter\Session\Handlers\FileHandler' driver.
DEBUG - 2025-05-31 17:14:07 --> Session: Class initialized using 'CodeIgniter\Session\Handlers\FileHandler' driver.
DEBUG - 2025-05-31 17:14:08 --> Session: Class initialized using 'CodeIgniter\Session\Handlers\FileHandler' driver.
DEBUG - 2025-05-31 17:14:10 --> Session: Class initialized using 'CodeIgniter\Session\Handlers\FileHandler' driver.
DEBUG - 2025-05-31 17:14:30 --> Session: Class initialized using 'CodeIgniter\Session\Handlers\FileHandler' driver.
DEBUG - 2025-05-31 17:14:32 --> Session: Class initialized using 'CodeIgniter\Session\Handlers\FileHandler' driver.
DEBUG - 2025-05-31 17:18:27 --> Session: Class initialized using 'CodeIgniter\Session\Handlers\FileHandler' driver.
DEBUG - 2025-05-31 17:18:55 --> Session: Class initialized using 'CodeIgniter\Session\Handlers\FileHandler' driver.
DEBUG - 2025-05-31 17:19:30 --> Session: Class initialized using 'CodeIgniter\Session\Handlers\FileHandler' driver.
DEBUG - 2025-05-31 17:19:38 --> Session: Class initialized using 'CodeIgniter\Session\Handlers\FileHandler' driver.
DEBUG - 2025-05-31 17:23:17 --> Session: Class initialized using 'CodeIgniter\Session\Handlers\FileHandler' driver.
DEBUG - 2025-05-31 17:23:19 --> Session: Class initialized using 'CodeIgniter\Session\Handlers\FileHandler' driver.
DEBUG - 2025-05-31 17:23:22 --> Session: Class initialized using 'CodeIgniter\Session\Handlers\FileHandler' driver.
DEBUG - 2025-05-31 17:23:22 --> Session: Class initialized using 'CodeIgniter\Session\Handlers\FileHandler' driver.
DEBUG - 2025-05-31 17:23:23 --> Session: Class initialized using 'CodeIgniter\Session\Handlers\FileHandler' driver.
DEBUG - 2025-05-31 17:23:28 --> Session: Class initialized using 'CodeIgniter\Session\Handlers\FileHandler' driver.
DEBUG - 2025-05-31 17:23:30 --> Session: Class initialized using 'CodeIgniter\Session\Handlers\FileHandler' driver.
DEBUG - 2025-05-31 17:24:07 --> Session: Class initialized using 'CodeIgniter\Session\Handlers\FileHandler' driver.
DEBUG - 2025-05-31 17:24:09 --> Session: Class initialized using 'CodeIgniter\Session\Handlers\FileHandler' driver.
DEBUG - 2025-05-31 17:24:14 --> Session: Class initialized using 'CodeIgniter\Session\Handlers\FileHandler' driver.
DEBUG - 2025-05-31 17:24:15 --> Session: Class initialized using 'CodeIgniter\Session\Handlers\FileHandler' driver.
DEBUG - 2025-05-31 17:24:16 --> Session: Class initialized using 'CodeIgniter\Session\Handlers\FileHandler' driver.
DEBUG - 2025-05-31 17:27:39 --> Session: Class initialized using 'CodeIgniter\Session\Handlers\FileHandler' driver.
CRITICAL - 2025-05-31 17:27:58 --> Error: Class "Dompdf\Options" not found
[Method: GET, Route: laporan/pdf]
in APPPATH\Controllers\LaporanNilai.php on line 30.
 1 SYSTEMPATH\CodeIgniter.php(933): App\Controllers\LaporanNilai->cetakPdf()
 2 SYSTEMPATH\CodeIgniter.php(507): CodeIgniter\CodeIgniter->runController(Object(App\Controllers\LaporanNilai))
 3 SYSTEMPATH\CodeIgniter.php(354): CodeIgniter\CodeIgniter->handleRequest(null, Object(Config\Cache), false)
 4 SYSTEMPATH\Boot.php(334): CodeIgniter\CodeIgniter->run()
 5 SYSTEMPATH\Boot.php(67): CodeIgniter\Boot::runCodeIgniter(Object(CodeIgniter\CodeIgniter))
 6 FCPATH\index.php(56): CodeIgniter\Boot::bootWeb(Object(Config\Paths))
 7 SYSTEMPATH\rewrite.php(44): require_once('C:\\xampp\\htdocs\\bmc-updated-main\\public\\index.php')
CRITICAL - 2025-05-31 17:30:43 --> Error: Class "Dompdf\Options" not found
[Method: GET, Route: laporan/pdf]
in APPPATH\Controllers\LaporanNilai.php on line 30.
 1 SYSTEMPATH\CodeIgniter.php(933): App\Controllers\LaporanNilai->cetakPdf()
 2 SYSTEMPATH\CodeIgniter.php(507): CodeIgniter\CodeIgniter->runController(Object(App\Controllers\LaporanNilai))
 3 SYSTEMPATH\CodeIgniter.php(354): CodeIgniter\CodeIgniter->handleRequest(null, Object(Config\Cache), false)
 4 SYSTEMPATH\Boot.php(334): CodeIgniter\CodeIgniter->run()
 5 SYSTEMPATH\Boot.php(67): CodeIgniter\Boot::runCodeIgniter(Object(CodeIgniter\CodeIgniter))
 6 FCPATH\index.php(56): CodeIgniter\Boot::bootWeb(Object(Config\Paths))
 7 SYSTEMPATH\rewrite.php(44): require_once('C:\\xampp\\htdocs\\bmc-updated-main\\public\\index.php')
CRITICAL - 2025-05-31 17:30:44 --> Error: Class "Dompdf\Options" not found
[Method: GET, Route: laporan/pdf]
in APPPATH\Controllers\LaporanNilai.php on line 30.
 1 SYSTEMPATH\CodeIgniter.php(933): App\Controllers\LaporanNilai->cetakPdf()
 2 SYSTEMPATH\CodeIgniter.php(507): CodeIgniter\CodeIgniter->runController(Object(App\Controllers\LaporanNilai))
 3 SYSTEMPATH\CodeIgniter.php(354): CodeIgniter\CodeIgniter->handleRequest(null, Object(Config\Cache), false)
 4 SYSTEMPATH\Boot.php(334): CodeIgniter\CodeIgniter->run()
 5 SYSTEMPATH\Boot.php(67): CodeIgniter\Boot::runCodeIgniter(Object(CodeIgniter\CodeIgniter))
 6 FCPATH\index.php(56): CodeIgniter\Boot::bootWeb(Object(Config\Paths))
 7 SYSTEMPATH\rewrite.php(44): require_once('C:\\xampp\\htdocs\\bmc-updated-main\\public\\index.php')
CRITICAL - 2025-05-31 17:30:46 --> Error: Class "Dompdf\Options" not found
[Method: GET, Route: laporan/pdf]
in APPPATH\Controllers\LaporanNilai.php on line 30.
 1 SYSTEMPATH\CodeIgniter.php(933): App\Controllers\LaporanNilai->cetakPdf()
 2 SYSTEMPATH\CodeIgniter.php(507): CodeIgniter\CodeIgniter->runController(Object(App\Controllers\LaporanNilai))
 3 SYSTEMPATH\CodeIgniter.php(354): CodeIgniter\CodeIgniter->handleRequest(null, Object(Config\Cache), false)
 4 SYSTEMPATH\Boot.php(334): CodeIgniter\CodeIgniter->run()
 5 SYSTEMPATH\Boot.php(67): CodeIgniter\Boot::runCodeIgniter(Object(CodeIgniter\CodeIgniter))
 6 FCPATH\index.php(56): CodeIgniter\Boot::bootWeb(Object(Config\Paths))
 7 SYSTEMPATH\rewrite.php(44): require_once('C:\\xampp\\htdocs\\bmc-updated-main\\public\\index.php')
DEBUG - 2025-05-31 17:31:30 --> Session: Class initialized using 'CodeIgniter\Session\Handlers\FileHandler' driver.
